src/fastdataframe/core/annotation.py:52: error: Returning Any from function declared to return "dict[str, Any]"  [no-any-return]
src/fastdataframe/core/annotation.py:70: error: Returning Any from function declared to return "dict[str, Any]"  [no-any-return]
src/fastdataframe/core/model.py:39: error: Argument 1 to "contains_type" has incompatible type "tuple[Any, ...]"; expected "list[Any]"  [arg-type]
src/fastdataframe/core/model.py:42: error: Item "None" of "Any | None" has no attribute "set_is_nullable_from_type"  [union-attr]
src/fastdataframe/polars/model.py:39: error: "FastDataframeModel" has no attribute "__name__"  [attr-defined]
src/fastdataframe/polars/model.py:43: error: "FastDataframeModel" has no attribute "__name__"  [attr-defined]
src/fastdataframe/polars/model.py:62: error: Function is missing a type annotation for one or more arguments  [no-untyped-def]
src/fastdataframe/polars/model.py:97: error: Incompatible types in assignment (expression has type "bool | None", variable has type "FastDataframe | None")  [assignment]
tests/polars/test_validation.py:9: error: Skipping analyzing "isodate": module is installed, but missing library stubs or py.typed marker  [import-untyped]
tests/polars/test_validation.py:9: note: See https://mypy.readthedocs.io/en/stable/running_mypy.html#missing-imports
tests/polars/test_validation.py:11: error: Function is missing a return type annotation  [no-untyped-def]
tests/polars/test_validation.py:11: note: Use "-> None" if function does not return a value
tests/polars/test_validation.py:25: error: Function is missing a return type annotation  [no-untyped-def]
tests/polars/test_validation.py:25: note: Use "-> None" if function does not return a value
tests/polars/test_validation.py:30: note: By default the bodies of untyped functions are not checked, consider using --check-untyped-defs  [annotation-unchecked]
tests/polars/test_validation.py:31: note: By default the bodies of untyped functions are not checked, consider using --check-untyped-defs  [annotation-unchecked]
tests/polars/test_validation.py:32: note: By default the bodies of untyped functions are not checked, consider using --check-untyped-defs  [annotation-unchecked]
tests/polars/test_validation.py:33: note: By default the bodies of untyped functions are not checked, consider using --check-untyped-defs  [annotation-unchecked]
tests/polars/test_validation.py:50: error: Function is missing a return type annotation  [no-untyped-def]
tests/polars/test_validation.py:50: note: Use "-> None" if function does not return a value
tests/polars/test_validation.py:53: note: By default the bodies of untyped functions are not checked, consider using --check-untyped-defs  [annotation-unchecked]
tests/polars/test_validation.py:54: note: By default the bodies of untyped functions are not checked, consider using --check-untyped-defs  [annotation-unchecked]
tests/polars/test_validation.py:55: note: By default the bodies of untyped functions are not checked, consider using --check-untyped-defs  [annotation-unchecked]
tests/polars/test_validation.py:56: note: By default the bodies of untyped functions are not checked, consider using --check-untyped-defs  [annotation-unchecked]
tests/polars/test_validation.py:70: error: Function is missing a return type annotation  [no-untyped-def]
tests/polars/test_validation.py:70: note: Use "-> None" if function does not return a value
tests/polars/test_validation.py:73: note: By default the bodies of untyped functions are not checked, consider using --check-untyped-defs  [annotation-unchecked]
tests/polars/test_validation.py:74: note: By default the bodies of untyped functions are not checked, consider using --check-untyped-defs  [annotation-unchecked]
tests/polars/test_validation.py:75: note: By default the bodies of untyped functions are not checked, consider using --check-untyped-defs  [annotation-unchecked]
tests/polars/test_validation.py:76: note: By default the bodies of untyped functions are not checked, consider using --check-untyped-defs  [annotation-unchecked]
tests/polars/test_validation.py:90: error: Function is missing a return type annotation  [no-untyped-def]
tests/polars/test_validation.py:90: note: Use "-> None" if function does not return a value
tests/polars/test_validation.py:93: note: By default the bodies of untyped functions are not checked, consider using --check-untyped-defs  [annotation-unchecked]
tests/polars/test_validation.py:94: note: By default the bodies of untyped functions are not checked, consider using --check-untyped-defs  [annotation-unchecked]
tests/polars/test_validation.py:95: note: By default the bodies of untyped functions are not checked, consider using --check-untyped-defs  [annotation-unchecked]
tests/polars/test_validation.py:96: note: By default the bodies of untyped functions are not checked, consider using --check-untyped-defs  [annotation-unchecked]
tests/polars/test_validation.py:115: error: Function is missing a return type annotation  [no-untyped-def]
tests/polars/test_validation.py:115: note: Use "-> None" if function does not return a value
tests/polars/test_validation.py:126: error: Function is missing a return type annotation  [no-untyped-def]
tests/polars/test_validation.py:126: note: Use "-> None" if function does not return a value
tests/polars/test_validation.py:137: error: Function is missing a return type annotation  [no-untyped-def]
tests/polars/test_validation.py:137: note: Use "-> None" if function does not return a value
tests/polars/test_validation.py:159: error: Function is missing a type annotation  [no-untyped-def]
tests/polars/test_validation.py:163: error: Function is missing a type annotation  [no-untyped-def]
tests/polars/test_validation.py:165: error: Function is missing a type annotation  [no-untyped-def]
tests/polars/test_validation.py:169: error: Function is missing a return type annotation  [no-untyped-def]
tests/polars/test_validation.py:169: note: Use "-> None" if function does not return a value
tests/polars/test_validation.py:172: note: By default the bodies of untyped functions are not checked, consider using --check-untyped-defs  [annotation-unchecked]
tests/polars/test_validation.py:173: note: By default the bodies of untyped functions are not checked, consider using --check-untyped-defs  [annotation-unchecked]
tests/polars/test_validation.py:174: note: By default the bodies of untyped functions are not checked, consider using --check-untyped-defs  [annotation-unchecked]
tests/polars/test_validation.py:175: note: By default the bodies of untyped functions are not checked, consider using --check-untyped-defs  [annotation-unchecked]
tests/core/test_types_helper.py:62: error: Function is missing a return type annotation  [no-untyped-def]
tests/core/test_model.py:54: error: Function is missing a return type annotation  [no-untyped-def]
tests/core/test_model.py:77: error: Function is missing a return type annotation  [no-untyped-def]
tests/core/test_model.py:77: note: Use "-> None" if function does not return a value
tests/core/test_model.py:80: note: By default the bodies of untyped functions are not checked, consider using --check-untyped-defs  [annotation-unchecked]
tests/core/test_model.py:81: note: By default the bodies of untyped functions are not checked, consider using --check-untyped-defs  [annotation-unchecked]
tests/core/test_model.py:82: note: By default the bodies of untyped functions are not checked, consider using --check-untyped-defs  [annotation-unchecked]
tests/core/test_model.py:83: note: By default the bodies of untyped functions are not checked, consider using --check-untyped-defs  [annotation-unchecked]
tests/core/test_metadata.py:8: error: Function is missing a return type annotation  [no-untyped-def]
tests/core/test_metadata.py:8: note: Use "-> None" if function does not return a value
tests/core/test_metadata.py:14: error: Function is missing a return type annotation  [no-untyped-def]
tests/core/test_metadata.py:14: note: Use "-> None" if function does not return a value
tests/core/test_metadata.py:20: error: Function is missing a return type annotation  [no-untyped-def]
tests/core/test_metadata.py:41: error: Function is missing a return type annotation  [no-untyped-def]
tests/core/test_metadata.py:41: note: Use "-> None" if function does not return a value
tests/core/test_metadata.py:64: error: Function is missing a return type annotation  [no-untyped-def]
tests/core/test_metadata.py:64: note: Use "-> None" if function does not return a value
tests/core/test_metadata.py:82: error: Function is missing a return type annotation  [no-untyped-def]
tests/core/test_metadata.py:82: note: Use "-> None" if function does not return a value
tests/core/test_metadata.py:100: error: Function is missing a return type annotation  [no-untyped-def]
tests/core/test_metadata.py:100: note: Use "-> None" if function does not return a value
tests/core/test_metadata.py:118: error: Function is missing a return type annotation  [no-untyped-def]
tests/core/test_metadata.py:118: note: Use "-> None" if function does not return a value
Found 32 errors in 7 files (checked 15 source files)
